18 Jan 2019 14:47:49,427 INFO       com.app.logging.Log4j2Example.main(Log4j2Example.java:12) -- This will be printed on info
18 Jan 2019 14:47:49,430 WARN       com.app.logging.Log4j2Example.main(Log4j2Example.java:13) -- This will be printed on warn
18 Jan 2019 14:47:49,430 ERROR      com.app.logging.Log4j2Example.main(Log4j2Example.java:14) -- This will be printed on error
18 Jan 2019 14:47:49,431 FATAL      com.app.logging.Log4j2Example.main(Log4j2Example.java:15) -- This will be printed on fatal
18 Jan 2019 14:47:49,432 INFO       com.app.logging.Log4j2Example.main(Log4j2Example.java:16) -- Appending string: Hello, World.
18 Jan 2019 15:08:44,944 INFO       com.app.logging.Log4j2Example.main(Log4j2Example.java:12) -- This will be printed on info
18 Jan 2019 15:08:44,947 WARN       com.app.logging.Log4j2Example.main(Log4j2Example.java:13) -- This will be printed on warn
18 Jan 2019 15:08:44,947 ERROR      com.app.logging.Log4j2Example.main(Log4j2Example.java:14) -- This will be printed on error
18 Jan 2019 15:08:44,947 FATAL      com.app.logging.Log4j2Example.main(Log4j2Example.java:15) -- This will be printed on fatal
18 Jan 2019 15:08:44,948 INFO       com.app.logging.Log4j2Example.main(Log4j2Example.java:16) -- Appending string: Hello, World.
18 Jan 2019 15:08:51,649 INFO       com.app.logging.Log4j2Example.main(Log4j2Example.java:12) -- This will be printed on info
18 Jan 2019 15:08:51,650 WARN       com.app.logging.Log4j2Example.main(Log4j2Example.java:13) -- This will be printed on warn
18 Jan 2019 15:08:51,651 ERROR      com.app.logging.Log4j2Example.main(Log4j2Example.java:14) -- This will be printed on error
18 Jan 2019 15:08:51,651 FATAL      com.app.logging.Log4j2Example.main(Log4j2Example.java:15) -- This will be printed on fatal
18 Jan 2019 15:08:51,652 INFO       com.app.logging.Log4j2Example.main(Log4j2Example.java:16) -- Appending string: Hello, World.
18 Jan 2019 15:09:08,226 INFO       com.app.logging.Log4j2Example.main(Log4j2Example.java:12) -- This will be printed on info
18 Jan 2019 15:09:08,228 WARN       com.app.logging.Log4j2Example.main(Log4j2Example.java:13) -- This will be printed on warn
18 Jan 2019 15:09:08,228 ERROR      com.app.logging.Log4j2Example.main(Log4j2Example.java:14) -- This will be printed on error
18 Jan 2019 15:09:08,229 FATAL      com.app.logging.Log4j2Example.main(Log4j2Example.java:15) -- This will be printed on fatal
18 Jan 2019 15:09:08,229 INFO       com.app.logging.Log4j2Example.main(Log4j2Example.java:16) -- Appending string: Hello, World.
